<?xml version="1.0" encoding="UTF-8"?>
<!-- Generated by org.testng.reporters.JUnitXMLReporter -->
<testsuite ignored="0" hostname="Medge351" failures="0" tests="2" name="validating amazon search " time="13.787" errors="0" timestamp="2022-07-18T03:06:50 GMT+05:30">
  <testcase classname="Mindtree.ProjectFramework.HomePage" name="basePageNavigation" time="3.442"/>
  <testcase classname="Mindtree.ProjectFramework.HomePage" name="smileFunctionality" time="2.787"/>
</testsuite> <!-- validating amazon search  -->
