<?xml version="1.0" encoding="UTF-8"?>
<testng-results ignored="0" total="0" passed="0" failed="0" skipped="0">
  <reporter-output>
  </reporter-output>
  <suite started-at="2022-07-30T14:40:01 GMT+05:30" name="Suite" finished-at="2022-07-30T14:40:01 GMT+05:30" duration-ms="490">
    <groups>
      <group name="cucumber">
        <method signature="AbstractTestNGCucumberTests.runScenario(io.cucumber.testng.PickleWrapper,io.cucumber.testng.FeatureWrapper)[pri:0, instance:CucumberOptions.TestRunner@1e6a3214]" name="runScenario" class="io.cucumber.testng.AbstractTestNGCucumberTests"/>
      </group> <!-- cucumber -->
    </groups>
    <test started-at="2022-07-30T14:40:01 GMT+05:30" name="validating tideus search " finished-at="2022-07-30T14:40:01 GMT+05:30" duration-ms="490">
      <class name="CucumberOptions.TestRunner">
        <test-method is-config="true" signature="setUpClass()[pri:0, instance:CucumberOptions.TestRunner@1e6a3214]" started-at="2022-07-30T14:40:01 GMT+05:30" name="setUpClass" finished-at="2022-07-30T14:40:01 GMT+05:30" duration-ms="398" status="PASS">
          <reporter-output>
          </reporter-output>
        </test-method> <!-- setUpClass -->
        <test-method is-config="true" signature="tearDownClass()[pri:0, instance:CucumberOptions.TestRunner@1e6a3214]" started-at="2022-07-30T14:40:01 GMT+05:30" name="tearDownClass" finished-at="2022-07-30T14:40:01 GMT+05:30" duration-ms="26" status="PASS">
          <reporter-output>
          </reporter-output>
        </test-method> <!-- tearDownClass -->
      </class> <!-- CucumberOptions.TestRunner -->
    </test> <!-- validating tideus search  -->
  </suite> <!-- Suite -->
</testng-results>
